2024-09-04T14:46:22.944+05:30  INFO 40881 --- [data-share] [restartedMain] com.track.share.DataShareApplication     : Starting DataShareApplication using Java 17.0.12 with PID 40881 (/home/krishnab/Desktop/true-track-sharing/data-share/target/classes started by krishnab in /home/krishnab/Desktop/true-track-sharing/data-share)
2024-09-04T14:46:22.981+05:30  INFO 40881 --- [data-share] [restartedMain] com.track.share.DataShareApplication     : No active profile set, falling back to 1 default profile: "default"
2024-09-04T14:46:23.472+05:30  INFO 40881 --- [data-share] [restartedMain] .e.DevToolsPropertyDefaultsPostProcessor : Devtools property defaults active! Set 'spring.devtools.add-properties' to 'false' to disable
2024-09-04T14:46:23.474+05:30  INFO 40881 --- [data-share] [restartedMain] .e.DevToolsPropertyDefaultsPostProcessor : For additional web related logging consider setting the 'logging.level.web' property to 'DEBUG'
2024-09-04T14:46:31.642+05:30  INFO 40881 --- [data-share] [restartedMain] .s.d.r.c.RepositoryConfigurationDelegate : Bootstrapping Spring Data JPA repositories in DEFAULT mode.
2024-09-04T14:46:32.234+05:30  INFO 40881 --- [data-share] [restartedMain] .s.d.r.c.RepositoryConfigurationDelegate : Finished Spring Data repository scanning in 505 ms. Found 5 JPA repository interfaces.
2024-09-04T14:46:37.751+05:30  INFO 40881 --- [data-share] [restartedMain] o.s.b.w.embedded.tomcat.TomcatWebServer  : Tomcat initialized with port 8080 (http)
2024-09-04T14:46:37.831+05:30  INFO 40881 --- [data-share] [restartedMain] o.apache.catalina.core.StandardService   : Starting service [Tomcat]
2024-09-04T14:46:37.833+05:30  INFO 40881 --- [data-share] [restartedMain] o.apache.catalina.core.StandardEngine    : Starting Servlet engine: [Apache Tomcat/10.1.28]
2024-09-04T14:46:38.185+05:30  INFO 40881 --- [data-share] [restartedMain] o.a.c.c.C.[Tomcat].[localhost].[/]       : Initializing Spring embedded WebApplicationContext
2024-09-04T14:46:38.192+05:30  INFO 40881 --- [data-share] [restartedMain] w.s.c.ServletWebServerApplicationContext : Root WebApplicationContext: initialization completed in 14714 ms
2024-09-04T14:46:39.941+05:30  INFO 40881 --- [data-share] [restartedMain] c.track.share.config.DataSourceConfig    : datasource url: 
2024-09-04T14:46:39.946+05:30  INFO 40881 --- [data-share] [restartedMain] c.track.share.config.DataSourceConfig    : username: 
2024-09-04T14:46:39.947+05:30  INFO 40881 --- [data-share] [restartedMain] c.track.share.config.DataSourceConfig    : pasword: 
2024-09-04T14:46:40.183+05:30  INFO 40881 --- [data-share] [restartedMain] com.zaxxer.hikari.HikariDataSource       : HikariPool-1 - Starting...
2024-09-04T14:46:41.015+05:30  INFO 40881 --- [data-share] [restartedMain] com.zaxxer.hikari.pool.HikariPool        : HikariPool-1 - Added connection org.postgresql.jdbc.PgConnection@4d5ef47b
2024-09-04T14:46:41.021+05:30  INFO 40881 --- [data-share] [restartedMain] com.zaxxer.hikari.HikariDataSource       : HikariPool-1 - Start completed.
2024-09-04T14:46:41.960+05:30  INFO 40881 --- [data-share] [restartedMain] o.hibernate.jpa.internal.util.LogHelper  : HHH000204: Processing PersistenceUnitInfo [name: default]
2024-09-04T14:46:42.576+05:30  INFO 40881 --- [data-share] [restartedMain] org.hibernate.Version                    : HHH000412: Hibernate ORM core version 6.5.2.Final
2024-09-04T14:46:42.691+05:30  INFO 40881 --- [data-share] [restartedMain] o.h.c.internal.RegionFactoryInitiator    : HHH000026: Second-level cache disabled
2024-09-04T14:46:44.142+05:30  INFO 40881 --- [data-share] [restartedMain] o.s.o.j.p.SpringPersistenceUnitInfo      : No LoadTimeWeaver setup: ignoring JPA class transformer
2024-09-04T14:46:48.585+05:30  INFO 40881 --- [data-share] [restartedMain] o.h.e.t.j.p.i.JtaPlatformInitiator       : HHH000489: No JTA platform available (set 'hibernate.transaction.jta.platform' to enable JTA platform integration)
2024-09-04T14:46:49.409+05:30  INFO 40881 --- [data-share] [restartedMain] j.LocalContainerEntityManagerFactoryBean : Initialized JPA EntityManagerFactory for persistence unit 'default'
2024-09-04T14:46:51.638+05:30  INFO 40881 --- [data-share] [restartedMain] o.s.d.j.r.query.QueryEnhancerFactory     : Hibernate is in classpath; If applicable, HQL parser will be used.
2024-09-04T14:46:54.166+05:30  WARN 40881 --- [data-share] [restartedMain] JpaBaseConfiguration$JpaWebConfiguration : spring.jpa.open-in-view is enabled by default. Therefore, database queries may be performed during view rendering. Explicitly configure spring.jpa.open-in-view to disable this warning
2024-09-04T14:46:54.575+05:30  INFO 40881 --- [data-share] [restartedMain] eAuthenticationProviderManagerConfigurer : Global AuthenticationManager configured with AuthenticationProvider bean with name authenticationProvider
2024-09-04T14:46:54.579+05:30  WARN 40881 --- [data-share] [restartedMain] r$InitializeUserDetailsManagerConfigurer : Global AuthenticationManager configured with an AuthenticationProvider bean. UserDetailsService beans will not be used for username/password login. Consider removing the AuthenticationProvider bean. Alternatively, consider using the UserDetailsService in a manually instantiated DaoAuthenticationProvider.
2024-09-04T14:46:57.383+05:30  INFO 40881 --- [data-share] [restartedMain] o.s.b.a.e.web.EndpointLinksResolver      : Exposing 1 endpoint beneath base path '/actuator'
2024-09-04T14:46:59.788+05:30  INFO 40881 --- [data-share] [restartedMain] o.s.b.d.a.OptionalLiveReloadServer       : LiveReload server is running on port 35729
2024-09-04T14:47:00.072+05:30  INFO 40881 --- [data-share] [restartedMain] o.s.b.w.embedded.tomcat.TomcatWebServer  : Tomcat started on port 8080 (http) with context path '/'
2024-09-04T14:47:00.150+05:30  INFO 40881 --- [data-share] [restartedMain] com.track.share.DataShareApplication     : Started DataShareApplication in 40.008 seconds (process running for 42.09)
2024-09-04T14:47:26.328+05:30  INFO 40881 --- [data-share] [File Watcher] rtingClassPathChangeChangedEventListener : Restarting due to 1 class path change (0 additions, 0 deletions, 1 modification)
2024-09-04T14:47:26.461+05:30  INFO 40881 --- [data-share] [Thread-5] j.LocalContainerEntityManagerFactoryBean : Closing JPA EntityManagerFactory for persistence unit 'default'
2024-09-04T14:47:26.758+05:30  INFO 40881 --- [data-share] [Thread-5] com.zaxxer.hikari.HikariDataSource       : HikariPool-1 - Shutdown initiated...
2024-09-04T14:47:26.864+05:30  INFO 40881 --- [data-share] [Thread-5] com.zaxxer.hikari.HikariDataSource       : HikariPool-1 - Shutdown completed.
2024-09-04T14:47:40.466+05:30  INFO 41584 --- [data-share] [restartedMain] com.track.share.DataShareApplication     : Starting DataShareApplication using Java 17.0.12 with PID 41584 (/home/krishnab/Desktop/true-track-sharing/data-share/target/classes started by krishnab in /home/krishnab/Desktop/true-track-sharing/data-share)
2024-09-04T14:47:40.529+05:30  INFO 41584 --- [data-share] [restartedMain] com.track.share.DataShareApplication     : No active profile set, falling back to 1 default profile: "default"
2024-09-04T14:47:41.547+05:30  INFO 41584 --- [data-share] [restartedMain] .e.DevToolsPropertyDefaultsPostProcessor : Devtools property defaults active! Set 'spring.devtools.add-properties' to 'false' to disable
2024-09-04T14:47:41.578+05:30  INFO 41584 --- [data-share] [restartedMain] .e.DevToolsPropertyDefaultsPostProcessor : For additional web related logging consider setting the 'logging.level.web' property to 'DEBUG'
2024-09-04T14:47:50.556+05:30  INFO 41584 --- [data-share] [restartedMain] .s.d.r.c.RepositoryConfigurationDelegate : Bootstrapping Spring Data JPA repositories in DEFAULT mode.
2024-09-04T14:47:51.037+05:30  INFO 41584 --- [data-share] [restartedMain] .s.d.r.c.RepositoryConfigurationDelegate : Finished Spring Data repository scanning in 448 ms. Found 5 JPA repository interfaces.
2024-09-04T14:47:59.267+05:30  INFO 41584 --- [data-share] [restartedMain] o.s.b.w.embedded.tomcat.TomcatWebServer  : Tomcat initialized with port 8080 (http)
2024-09-04T14:47:59.343+05:30  INFO 41584 --- [data-share] [restartedMain] o.apache.catalina.core.StandardService   : Starting service [Tomcat]
2024-09-04T14:47:59.350+05:30  INFO 41584 --- [data-share] [restartedMain] o.apache.catalina.core.StandardEngine    : Starting Servlet engine: [Apache Tomcat/10.1.28]
2024-09-04T14:48:00.126+05:30  INFO 41584 --- [data-share] [restartedMain] o.a.c.c.C.[Tomcat].[localhost].[/]       : Initializing Spring embedded WebApplicationContext
2024-09-04T14:48:00.145+05:30  INFO 41584 --- [data-share] [restartedMain] w.s.c.ServletWebServerApplicationContext : Root WebApplicationContext: initialization completed in 18541 ms
2024-09-04T14:48:02.994+05:30  INFO 41584 --- [data-share] [restartedMain] c.track.share.config.DataSourceConfig    : datasource url: 
2024-09-04T14:48:03.001+05:30  INFO 41584 --- [data-share] [restartedMain] c.track.share.config.DataSourceConfig    : username: 
2024-09-04T14:48:03.007+05:30  INFO 41584 --- [data-share] [restartedMain] c.track.share.config.DataSourceConfig    : pasword: 
2024-09-04T14:48:03.610+05:30  INFO 41584 --- [data-share] [restartedMain] com.zaxxer.hikari.HikariDataSource       : HikariPool-1 - Starting...
2024-09-04T14:48:05.416+05:30  INFO 41584 --- [data-share] [restartedMain] com.zaxxer.hikari.pool.HikariPool        : HikariPool-1 - Added connection org.postgresql.jdbc.PgConnection@3e6c0f44
2024-09-04T14:48:05.426+05:30  INFO 41584 --- [data-share] [restartedMain] com.zaxxer.hikari.HikariDataSource       : HikariPool-1 - Start completed.
2024-09-04T14:48:06.762+05:30  INFO 41584 --- [data-share] [restartedMain] o.hibernate.jpa.internal.util.LogHelper  : HHH000204: Processing PersistenceUnitInfo [name: default]
2024-09-04T14:48:07.192+05:30  INFO 41584 --- [data-share] [restartedMain] org.hibernate.Version                    : HHH000412: Hibernate ORM core version 6.5.2.Final
2024-09-04T14:48:07.617+05:30  INFO 41584 --- [data-share] [restartedMain] o.h.c.internal.RegionFactoryInitiator    : HHH000026: Second-level cache disabled
2024-09-04T14:48:09.529+05:30  INFO 41584 --- [data-share] [restartedMain] o.s.o.j.p.SpringPersistenceUnitInfo      : No LoadTimeWeaver setup: ignoring JPA class transformer
2024-09-04T14:48:14.764+05:30  INFO 41584 --- [data-share] [restartedMain] o.h.e.t.j.p.i.JtaPlatformInitiator       : HHH000489: No JTA platform available (set 'hibernate.transaction.jta.platform' to enable JTA platform integration)
2024-09-04T14:48:15.044+05:30  WARN 41584 --- [data-share] [restartedMain] o.h.engine.jdbc.spi.SqlExceptionHelper   : SQL Warning Code: 0, SQLState: 00000
2024-09-04T14:48:15.044+05:30  WARN 41584 --- [data-share] [restartedMain] o.h.engine.jdbc.spi.SqlExceptionHelper   : constraint "uk8pkml5bww9jnfjlel7t1q88qk" of relation "analytics" does not exist, skipping
2024-09-04T14:48:15.088+05:30  WARN 41584 --- [data-share] [restartedMain] o.h.engine.jdbc.spi.SqlExceptionHelper   : SQL Warning Code: 0, SQLState: 00000
2024-09-04T14:48:15.089+05:30  WARN 41584 --- [data-share] [restartedMain] o.h.engine.jdbc.spi.SqlExceptionHelper   : constraint "ukllnrx427rqh3qkoxqmmacxmrw" of relation "business" does not exist, skipping
2024-09-04T14:48:15.134+05:30  WARN 41584 --- [data-share] [restartedMain] o.h.engine.jdbc.spi.SqlExceptionHelper   : SQL Warning Code: 0, SQLState: 00000
2024-09-04T14:48:15.135+05:30  WARN 41584 --- [data-share] [restartedMain] o.h.engine.jdbc.spi.SqlExceptionHelper   : constraint "ukayfhdf936syxcbo3pmaasumiu" of relation "data_master" does not exist, skipping
2024-09-04T14:48:15.170+05:30  WARN 41584 --- [data-share] [restartedMain] o.h.engine.jdbc.spi.SqlExceptionHelper   : SQL Warning Code: 0, SQLState: 00000
2024-09-04T14:48:15.173+05:30  WARN 41584 --- [data-share] [restartedMain] o.h.engine.jdbc.spi.SqlExceptionHelper   : constraint "uk6dotkott2kjsp8vw4d0m25fb7" of relation "users" does not exist, skipping
2024-09-04T14:48:15.215+05:30  INFO 41584 --- [data-share] [restartedMain] j.LocalContainerEntityManagerFactoryBean : Initialized JPA EntityManagerFactory for persistence unit 'default'
2024-09-04T14:48:16.976+05:30  INFO 41584 --- [data-share] [restartedMain] o.s.d.j.r.query.QueryEnhancerFactory     : Hibernate is in classpath; If applicable, HQL parser will be used.
2024-09-04T14:48:18.801+05:30  WARN 41584 --- [data-share] [restartedMain] JpaBaseConfiguration$JpaWebConfiguration : spring.jpa.open-in-view is enabled by default. Therefore, database queries may be performed during view rendering. Explicitly configure spring.jpa.open-in-view to disable this warning
2024-09-04T14:48:19.166+05:30  INFO 41584 --- [data-share] [restartedMain] eAuthenticationProviderManagerConfigurer : Global AuthenticationManager configured with AuthenticationProvider bean with name authenticationProvider
2024-09-04T14:48:19.169+05:30  WARN 41584 --- [data-share] [restartedMain] r$InitializeUserDetailsManagerConfigurer : Global AuthenticationManager configured with an AuthenticationProvider bean. UserDetailsService beans will not be used for username/password login. Consider removing the AuthenticationProvider bean. Alternatively, consider using the UserDetailsService in a manually instantiated DaoAuthenticationProvider.
2024-09-04T14:48:22.009+05:30  INFO 41584 --- [data-share] [restartedMain] o.s.b.a.e.web.EndpointLinksResolver      : Exposing 1 endpoint beneath base path '/actuator'
2024-09-04T14:48:24.554+05:30  INFO 41584 --- [data-share] [restartedMain] o.s.b.d.a.OptionalLiveReloadServer       : LiveReload server is running on port 35729
2024-09-04T14:48:24.807+05:30  INFO 41584 --- [data-share] [restartedMain] o.s.b.w.embedded.tomcat.TomcatWebServer  : Tomcat started on port 8080 (http) with context path '/'
2024-09-04T14:48:24.901+05:30  INFO 41584 --- [data-share] [restartedMain] com.track.share.DataShareApplication     : Started DataShareApplication in 47.006 seconds (process running for 49.547)
2024-09-04T14:48:32.433+05:30  INFO 41584 --- [data-share] [SpringApplicationShutdownHook] j.LocalContainerEntityManagerFactoryBean : Closing JPA EntityManagerFactory for persistence unit 'default'
2024-09-04T14:48:32.443+05:30  INFO 41584 --- [data-share] [SpringApplicationShutdownHook] com.zaxxer.hikari.HikariDataSource       : HikariPool-1 - Shutdown initiated...
2024-09-04T14:48:32.465+05:30  INFO 41584 --- [data-share] [SpringApplicationShutdownHook] com.zaxxer.hikari.HikariDataSource       : HikariPool-1 - Shutdown completed.
